[2025-12-30T18:41:05.047+0000] {taskinstance.py:1159} INFO - Dependencies all met for dep_context=non-requeueable deps ti=<TaskInstance: lambda_architecture_pipeline.ml_pipeline.evaluate_existing_model scheduled__2025-12-29T00:00:00+00:00 [queued]>
[2025-12-30T18:41:05.060+0000] {taskinstance.py:1159} INFO - Dependencies all met for dep_context=requeueable deps ti=<TaskInstance: lambda_architecture_pipeline.ml_pipeline.evaluate_existing_model scheduled__2025-12-29T00:00:00+00:00 [queued]>
[2025-12-30T18:41:05.061+0000] {taskinstance.py:1361} INFO - Starting attempt 3 of 3
[2025-12-30T18:41:05.200+0000] {taskinstance.py:1382} INFO - Executing <Task(PythonOperator): ml_pipeline.evaluate_existing_model> on 2025-12-29 00:00:00+00:00
[2025-12-30T18:41:05.208+0000] {standard_task_runner.py:57} INFO - Started process 360 to run task
[2025-12-30T18:41:05.213+0000] {standard_task_runner.py:84} INFO - Running: ['airflow', 'tasks', 'run', 'lambda_architecture_pipeline', 'ml_pipeline.evaluate_existing_model', 'scheduled__2025-12-29T00:00:00+00:00', '--job-id', '54', '--raw', '--subdir', 'DAGS_FOLDER/lambda_architecture_pipeline_dag.py', '--cfg-path', '/tmp/tmpbv81hp37']
[2025-12-30T18:41:05.216+0000] {standard_task_runner.py:85} INFO - Job 54: Subtask ml_pipeline.evaluate_existing_model
[2025-12-30T18:41:05.280+0000] {task_command.py:416} INFO - Running <TaskInstance: lambda_architecture_pipeline.ml_pipeline.evaluate_existing_model scheduled__2025-12-29T00:00:00+00:00 [running]> on host 7f437fd3c4aa
[2025-12-30T18:41:05.358+0000] {taskinstance.py:1662} INFO - Exporting env vars: AIRFLOW_CTX_DAG_EMAIL='alerts@example.com' AIRFLOW_CTX_DAG_OWNER='lambda-architecture' AIRFLOW_CTX_DAG_ID='lambda_architecture_pipeline' AIRFLOW_CTX_TASK_ID='ml_pipeline.evaluate_existing_model' AIRFLOW_CTX_EXECUTION_DATE='2025-12-29T00:00:00+00:00' AIRFLOW_CTX_TRY_NUMBER='3' AIRFLOW_CTX_DAG_RUN_ID='scheduled__2025-12-29T00:00:00+00:00'
[2025-12-30T18:41:05.360+0000] {taskinstance.py:1937} ERROR - Task failed with exception
Traceback (most recent call last):
  File "/home/airflow/.local/lib/python3.10/site-packages/airflow/operators/python.py", line 192, in execute
    return_value = self.execute_callable()
  File "/home/airflow/.local/lib/python3.10/site-packages/airflow/operators/python.py", line 209, in execute_callable
    return self.python_callable(*self.op_args, **self.op_kwargs)
  File "/opt/airflow/dags/lambda_architecture_pipeline_dag.py", line 683, in evaluate_existing_model
    from sklearn.metrics import mean_squared_error, r2_score, mean_absolute_error
ModuleNotFoundError: No module named 'sklearn'
[2025-12-30T18:41:05.368+0000] {taskinstance.py:1400} INFO - Marking task as FAILED. dag_id=lambda_architecture_pipeline, task_id=ml_pipeline.evaluate_existing_model, execution_date=20251229T000000, start_date=20251230T184105, end_date=20251230T184105
[2025-12-30T18:41:05.391+0000] {logging_mixin.py:154} WARNING - /home/airflow/.local/lib/python3.10/site-packages/airflow/utils/email.py:154 RemovedInAirflow3Warning: Fetching SMTP credentials from configuration variables will be deprecated in a future release. Please set credentials using a connection instead.
[2025-12-30T18:41:05.391+0000] {configuration.py:1050} WARNING - section/key [smtp/smtp_user] not found in config
[2025-12-30T18:41:05.391+0000] {email.py:270} INFO - Email alerting: attempt 1
[2025-12-30T18:41:05.401+0000] {configuration.py:1050} WARNING - section/key [smtp/smtp_user] not found in config
[2025-12-30T18:41:05.401+0000] {email.py:270} INFO - Email alerting: attempt 1
[2025-12-30T18:41:05.402+0000] {taskinstance.py:2007} ERROR - Failed to send email to: ['alerts@example.com']
Traceback (most recent call last):
  File "/home/airflow/.local/lib/python3.10/site-packages/airflow/models/taskinstance.py", line 1518, in _run_raw_task
    self._execute_task_with_callbacks(context, test_mode, session=session)
  File "/home/airflow/.local/lib/python3.10/site-packages/airflow/models/taskinstance.py", line 1681, in _execute_task_with_callbacks
    result = self._execute_task(context, task_orig)
  File "/home/airflow/.local/lib/python3.10/site-packages/airflow/models/taskinstance.py", line 1739, in _execute_task
    result = execute_callable(context=context, **execute_callable_kwargs)
  File "/home/airflow/.local/lib/python3.10/site-packages/airflow/operators/python.py", line 192, in execute
    return_value = self.execute_callable()
  File "/home/airflow/.local/lib/python3.10/site-packages/airflow/operators/python.py", line 209, in execute_callable
    return self.python_callable(*self.op_args, **self.op_kwargs)
  File "/opt/airflow/dags/lambda_architecture_pipeline_dag.py", line 683, in evaluate_existing_model
    from sklearn.metrics import mean_squared_error, r2_score, mean_absolute_error
ModuleNotFoundError: No module named 'sklearn'

During handling of the above exception, another exception occurred:

Traceback (most recent call last):
  File "/home/airflow/.local/lib/python3.10/site-packages/airflow/models/taskinstance.py", line 2420, in email_alert
    send_email(task.email, subject, html_content)
  File "/home/airflow/.local/lib/python3.10/site-packages/airflow/utils/email.py", line 80, in send_email
    return backend(
  File "/home/airflow/.local/lib/python3.10/site-packages/airflow/utils/email.py", line 154, in send_email_smtp
    send_mime_email(e_from=mail_from, e_to=recipients, mime_msg=msg, conn_id=conn_id, dryrun=dryrun)
  File "/home/airflow/.local/lib/python3.10/site-packages/airflow/utils/email.py", line 272, in send_mime_email
    smtp_conn = _get_smtp_connection(smtp_host, smtp_port, smtp_timeout, smtp_ssl)
  File "/home/airflow/.local/lib/python3.10/site-packages/airflow/utils/email.py", line 316, in _get_smtp_connection
    return smtplib.SMTP(host=host, port=port, timeout=timeout)
  File "/usr/local/lib/python3.10/smtplib.py", line 255, in __init__
    (code, msg) = self.connect(host, port)
  File "/usr/local/lib/python3.10/smtplib.py", line 341, in connect
    self.sock = self._get_socket(host, port, self.timeout)
  File "/usr/local/lib/python3.10/smtplib.py", line 312, in _get_socket
    return socket.create_connection((host, port), timeout,
  File "/usr/local/lib/python3.10/socket.py", line 845, in create_connection
    raise err
  File "/usr/local/lib/python3.10/socket.py", line 833, in create_connection
    sock.connect(sa)
ConnectionRefusedError: [Errno 111] Connection refused

During handling of the above exception, another exception occurred:

Traceback (most recent call last):
  File "/home/airflow/.local/lib/python3.10/site-packages/airflow/models/taskinstance.py", line 2005, in handle_failure
    self.email_alert(error, task)
  File "/home/airflow/.local/lib/python3.10/site-packages/airflow/models/taskinstance.py", line 2422, in email_alert
    send_email(task.email, subject, html_content_err)
  File "/home/airflow/.local/lib/python3.10/site-packages/airflow/utils/email.py", line 80, in send_email
    return backend(
  File "/home/airflow/.local/lib/python3.10/site-packages/airflow/utils/email.py", line 154, in send_email_smtp
    send_mime_email(e_from=mail_from, e_to=recipients, mime_msg=msg, conn_id=conn_id, dryrun=dryrun)
  File "/home/airflow/.local/lib/python3.10/site-packages/airflow/utils/email.py", line 272, in send_mime_email
    smtp_conn = _get_smtp_connection(smtp_host, smtp_port, smtp_timeout, smtp_ssl)
  File "/home/airflow/.local/lib/python3.10/site-packages/airflow/utils/email.py", line 316, in _get_smtp_connection
    return smtplib.SMTP(host=host, port=port, timeout=timeout)
  File "/usr/local/lib/python3.10/smtplib.py", line 255, in __init__
    (code, msg) = self.connect(host, port)
  File "/usr/local/lib/python3.10/smtplib.py", line 341, in connect
    self.sock = self._get_socket(host, port, self.timeout)
  File "/usr/local/lib/python3.10/smtplib.py", line 312, in _get_socket
    return socket.create_connection((host, port), timeout,
  File "/usr/local/lib/python3.10/socket.py", line 845, in create_connection
    raise err
  File "/usr/local/lib/python3.10/socket.py", line 833, in create_connection
    sock.connect(sa)
ConnectionRefusedError: [Errno 111] Connection refused
[2025-12-30T18:41:05.419+0000] {standard_task_runner.py:104} ERROR - Failed to execute job 54 for task ml_pipeline.evaluate_existing_model (No module named 'sklearn'; 360)
[2025-12-30T18:41:05.426+0000] {local_task_job_runner.py:228} INFO - Task exited with return code 1
[2025-12-30T18:41:05.451+0000] {taskinstance.py:2778} INFO - 0 downstream tasks scheduled from follow-on schedule check
